<?xml version="1.0" encoding="UTF-8"?>
<!-- Generated by org.testng.reporters.JUnitXMLReporter -->
<testsuite ignored="0" hostname="LTIN214912" failures="0" tests="6" name="ChromeTest" time="121.836" errors="0" timestamp="2024-03-14T13:54:30 IST">
  <testcase classname="testCase.TC_01_aroundCognizant" name="start" time="7.261"/>
  <testcase classname="testCase.TC_01_aroundCognizant" name="verifyAroundNews" time="0.11"/>
  <testcase classname="testCase.TC_01_aroundCognizant" name="getNewsHeading" time="72.31"/>
  <testcase classname="testCase.TC_01_aroundCognizant" name="click" time="0.531"/>
  <testcase classname="testCase.TC_01_aroundCognizant" name="verifyAllNews" time="6.449"/>
  <testcase classname="testCase.TC_01_aroundCognizant" name="individualClick" time="33.411"/>
</testsuite> <!-- ChromeTest -->
