<?xml version="1.0" encoding="UTF-8"?>
<!-- Generated by org.testng.reporters.JUnitXMLReporter -->
<testsuite ignored="0" hostname="LTIN214912" failures="0" tests="6" name="EdgeTest" time="0.16" errors="0" timestamp="2024-03-13T22:00:57 IST">
  <testcase classname="testCase.TC_01_aroundCognizant" name="start" time="0.0">
    <skipped/>
  </testcase> <!-- start -->
  <testcase classname="testCase.TC_01_aroundCognizant" name="verifyAroundNews" time="0.001">
    <skipped/>
  </testcase> <!-- verifyAroundNews -->
  <testcase classname="testCase.TC_01_aroundCognizant" name="getNewsHeading" time="0.0">
    <skipped/>
  </testcase> <!-- getNewsHeading -->
  <testcase classname="testCase.TC_01_aroundCognizant" name="click" time="0.0">
    <skipped/>
  </testcase> <!-- click -->
  <testcase classname="testCase.TC_01_aroundCognizant" name="verifyAllNews" time="0.0">
    <skipped/>
  </testcase> <!-- verifyAllNews -->
  <testcase classname="testCase.TC_01_aroundCognizant" name="individualClick" time="0.001">
    <skipped/>
  </testcase> <!-- individualClick -->
</testsuite> <!-- EdgeTest -->
