<?xml version="1.0" encoding="UTF-8"?>
<!-- Generated by org.testng.reporters.JUnitXMLReporter -->
<testsuite ignored="0" hostname="LTIN214912" failures="0" tests="6" name="Test" time="109.116" errors="0" timestamp="2024-03-13T21:39:14 IST">
  <testcase classname="testCase.TC_01_aroundCognizant" name="start" time="6.775"/>
  <testcase classname="testCase.TC_01_aroundCognizant" name="verifyAroundNews" time="0.073"/>
  <testcase classname="testCase.TC_01_aroundCognizant" name="getNewsHeading" time="72.299"/>
  <testcase classname="testCase.TC_01_aroundCognizant" name="click" time="0.287"/>
  <testcase classname="testCase.TC_01_aroundCognizant" name="verifyAllNews" time="5.035"/>
  <testcase classname="testCase.TC_01_aroundCognizant" name="individualClick" time="24.539"/>
</testsuite> <!-- Test -->
